/programs/quast-5.2.0/bin/quast.py --min-identity 90.0 --combined-ref --colors #E31A1C --ls solid --ambiguity-usage all contigs.fasta -R /local/workdir/Daphne/Floral_metagenomics/data/05_metaQUAST/10_Linaria/paired_13702_32540_179793/_metaQuast/quast_corrected_input/combined_reference.fasta -o /local/workdir/Daphne/Floral_metagenomics/data/05_metaQUAST/10_Linaria/paired_13702_32540_179793/_metaQuast/combined_reference --labels contigs

Started: 2025-06-10 14:07:01

Logging to /local/workdir/Daphne/Floral_metagenomics/data/05_metaQUAST/10_Linaria/paired_13702_32540_179793/_metaQuast/combined_reference/quast.log
NOTICE: Maximum number of threads is set to 12 (use --threads option to set it manually)

CWD: /local/workdir/Daphne/Floral_metagenomics/data/04_metaspades/10_Linaria/paired_13702_32540_179793_H5MH5AFX5_metagenomic_mix_H12_FN176_ATCTCAGG_TCGCATAA
Main parameters: 
  MODE: meta, threads: 12, min contig length: 500, min alignment length: 65, min alignment IDY: 90.0, \
  ambiguity: all, min local misassembly length: 200, min extensive misassembly length: 1000

Reference:
  /local/workdir/Daphne/Floral_metagenomics/data/05_metaQUAST/10_Linaria/paired_13702_32540_179793/_metaQuast/quast_corrected_input/combined_reference.fasta ==> combined_reference

Contigs:
  Pre-processing...
  contigs.fasta ==> contigs

2025-06-10 14:07:02
Running Basic statistics processor...
  Reference genome:
    combined_reference.fasta, length = 68998803, num fragments = 42725, GC % = 16.83
WARNING:   Reference genome is fragmented. You may consider rerunning QUAST using --fragmented option. QUAST will try to detect misassemblies caused by the fragmentation and mark them fake (will be excluded from # misassemblies).
  Contig files: 
    contigs
  Calculating N50 and L50...
    contigs, N50 = 73211, L50 = 19, auN = 88238.6, Total length = 4855457, GC % = 44.62, # N's per 100 kbp =  0.00
  Drawing Nx plot...
    saved to /local/workdir/Daphne/Floral_metagenomics/data/05_metaQUAST/10_Linaria/paired_13702_32540_179793/_metaQuast/combined_reference/basic_stats/Nx_plot.pdf
  Drawing cumulative plot...
    saved to /local/workdir/Daphne/Floral_metagenomics/data/05_metaQUAST/10_Linaria/paired_13702_32540_179793/_metaQuast/combined_reference/basic_stats/cumulative_plot.pdf
  Drawing GC content plot...
    saved to /local/workdir/Daphne/Floral_metagenomics/data/05_metaQUAST/10_Linaria/paired_13702_32540_179793/_metaQuast/combined_reference/basic_stats/GC_content_plot.pdf
  Drawing contigs GC content plot...
    saved to /local/workdir/Daphne/Floral_metagenomics/data/05_metaQUAST/10_Linaria/paired_13702_32540_179793/_metaQuast/combined_reference/basic_stats/contigs_GC_content_plot.pdf
  Drawing Coverage histogram (bin size: 1x)...
    saved to /local/workdir/Daphne/Floral_metagenomics/data/05_metaQUAST/10_Linaria/paired_13702_32540_179793/_metaQuast/combined_reference/basic_stats/coverage_histogram.pdf
  Drawing contigs coverage histogram (bin size: 1x)...
    saved to /local/workdir/Daphne/Floral_metagenomics/data/05_metaQUAST/10_Linaria/paired_13702_32540_179793/_metaQuast/combined_reference/basic_stats/contigs_coverage_histogram.pdf
Done.

2025-06-10 14:07:09
Running Contig analyzer...
  contigs
  Logging to files /local/workdir/Daphne/Floral_metagenomics/data/05_metaQUAST/10_Linaria/paired_13702_32540_179793/_metaQuast/combined_reference/contigs_reports/contigs_report_contigs.stdout and contigs_report_contigs.stderr...
  Aligning contigs to the reference
  /programs/quast-5.2.0/lib/python3.9/site-packages/quast_libs/minimap2/minimap2 -c \
  -x asm10 -B5 -O4,16 --no-long-join -r 200 -N 100 -s 65 -z 200 --mask-level 1 --min-occ \
  200 -g 2500 --score-N 2 --cs -t 12 /local/workdir/Daphne/Floral_metagenomics/data/05_metaQUAST/10_Linaria/paired_13702_32540_179793/_metaQuast/quast_corrected_input/combined_reference.fasta \
  /local/workdir/Daphne/Floral_metagenomics/data/05_metaQUAST/10_Linaria/paired_13702_32540_179793/_metaQuast/combined_reference/../quast_corrected_input/contigs.fasta \
  > /local/workdir/Daphne/Floral_metagenomics/data/05_metaQUAST/10_Linaria/paired_13702_32540_179793/_metaQuast/combined_reference/contigs_reports/minimap_output/contigs.coords_tmp \
  2>> /local/workdir/Daphne/Floral_metagenomics/data/05_metaQUAST/10_Linaria/paired_13702_32540_179793/_metaQuast/combined_reference/contigs_reports/contigs_report_contigs.stderr
  Alignments: ../../../05_metaQUAST/10_Linaria/paired_13702_32540_179793/_metaQuast/combined_reference/contigs_reports/alignments_contigs.tsv
  Analysis is finished.

  Information about interspecies translocations by references for contigs is saved to /local/workdir/Daphne/Floral_metagenomics/data/05_metaQUAST/10_Linaria/paired_13702_32540_179793/_metaQuast/combined_reference/contigs_reports/interspecies_translocations_by_refs_contigs.info
  Drawing Intergenomic misassemblies (found and supposed) metaQUAST summary plot...
    saved to /local/workdir/Daphne/Floral_metagenomics/data/05_metaQUAST/10_Linaria/paired_13702_32540_179793/_metaQuast/combined_reference/contigs_reports/intergenomic_misassemblies.pdf
  Creating total report...
    saved to /local/workdir/Daphne/Floral_metagenomics/data/05_metaQUAST/10_Linaria/paired_13702_32540_179793/_metaQuast/combined_reference/contigs_reports/misassemblies_report.txt, misassemblies_report.tsv, and misassemblies_report.tex
  Transposed version of total report...
    saved to /local/workdir/Daphne/Floral_metagenomics/data/05_metaQUAST/10_Linaria/paired_13702_32540_179793/_metaQuast/combined_reference/contigs_reports/transposed_report_misassemblies.txt, transposed_report_misassemblies.tsv, and transposed_report_misassemblies.tex
  Creating total report...
    saved to /local/workdir/Daphne/Floral_metagenomics/data/05_metaQUAST/10_Linaria/paired_13702_32540_179793/_metaQuast/combined_reference/contigs_reports/unaligned_report.txt, unaligned_report.tsv, and unaligned_report.tex
  Drawing misassemblies by types plot...
    saved to /local/workdir/Daphne/Floral_metagenomics/data/05_metaQUAST/10_Linaria/paired_13702_32540_179793/_metaQuast/combined_reference/contigs_reports/misassemblies_plot.pdf
  Drawing misassemblies FRCurve plot...
    saved to /local/workdir/Daphne/Floral_metagenomics/data/05_metaQUAST/10_Linaria/paired_13702_32540_179793/_metaQuast/combined_reference/contigs_reports/misassemblies_frcurve_plot.pdf
Done.

2025-06-10 14:13:30
Running NA-NGA calculation...
  contigs, Largest alignment = 3900, NA50 = None, LA50 = None
  Drawing cumulative plot...
    saved to /local/workdir/Daphne/Floral_metagenomics/data/05_metaQUAST/10_Linaria/paired_13702_32540_179793/_metaQuast/combined_reference/aligned_stats/cumulative_plot.pdf
  Drawing NAx plot...
    saved to /local/workdir/Daphne/Floral_metagenomics/data/05_metaQUAST/10_Linaria/paired_13702_32540_179793/_metaQuast/combined_reference/aligned_stats/NAx_plot.pdf
Done.

2025-06-10 14:13:32
Running Genome analyzer...
  NOTICE: No file with genomic features were provided. Use the --features option if you want to specify it.

  NOTICE: No file with operons were provided. Use the -O option if you want to specify it.
  contigs
  Analysis is finished.
  Skipping drawing Genome fraction, % histogram... (less than 2 columns histogram makes no sense)
Done.

NOTICE: Genes are not predicted by default. Use --gene-finding or --glimmer option to enable it.

2025-06-10 14:13:48
Creating large visual summaries...
This may take a while: press Ctrl-C to skip this step..
  1 of 2: Creating PDF with all tables and plots...
  2 of 2: Creating Icarus viewers...
Done

2025-06-10 14:14:12
RESULTS:
  Text versions of total report are saved to /local/workdir/Daphne/Floral_metagenomics/data/05_metaQUAST/10_Linaria/paired_13702_32540_179793/_metaQuast/combined_reference/report.txt, report.tsv, and report.tex
  Text versions of transposed total report are saved to /local/workdir/Daphne/Floral_metagenomics/data/05_metaQUAST/10_Linaria/paired_13702_32540_179793/_metaQuast/combined_reference/transposed_report.txt, transposed_report.tsv, and transposed_report.tex
  HTML version (interactive tables and plots) is saved to /local/workdir/Daphne/Floral_metagenomics/data/05_metaQUAST/10_Linaria/paired_13702_32540_179793/_metaQuast/combined_reference/report.html
  PDF version (tables and plots) is saved to /local/workdir/Daphne/Floral_metagenomics/data/05_metaQUAST/10_Linaria/paired_13702_32540_179793/_metaQuast/combined_reference/report.pdf
  Icarus (contig browser) is saved to /local/workdir/Daphne/Floral_metagenomics/data/05_metaQUAST/10_Linaria/paired_13702_32540_179793/_metaQuast/combined_reference/icarus.html
