/programs/quast-5.2.0/bin/quast.py --min-identity 90.0 --colors #E31A1C --ls solid --no-check-meta --contig-thresholds 1000,5000,10000,25000,50000 --memory-efficient -t 1 /local/workdir/Daphne/Floral_metagenomics/data/05_metaQUAST/10_Linaria/paired_13702_32540_179793/_metaQuast/quast_corrected_input/contigs_to_CIP110357.fasta -R /local/workdir/Daphne/Floral_metagenomics/data/05_metaQUAST/10_Linaria/paired_13702_32540_179793/_metaQuast/quast_corrected_input/CIP110357.fna -o /local/workdir/Daphne/Floral_metagenomics/data/05_metaQUAST/10_Linaria/paired_13702_32540_179793/_metaQuast/runs_per_reference/CIP110357 --labels contigs

Started: 2025-06-10 14:14:13

Logging to /local/workdir/Daphne/Floral_metagenomics/data/05_metaQUAST/10_Linaria/paired_13702_32540_179793/_metaQuast/runs_per_reference/CIP110357/quast.log

CWD: /local/workdir/Daphne/Floral_metagenomics/data/04_metaspades/10_Linaria/paired_13702_32540_179793_H5MH5AFX5_metagenomic_mix_H12_FN176_ATCTCAGG_TCGCATAA
Main parameters: 
  MODE: meta, threads: 1, min contig length: 500, min alignment length: 65, min alignment IDY: 90.0, \
  ambiguity: one, min local misassembly length: 200, min extensive misassembly length: 1000

Reference:
  /local/workdir/Daphne/Floral_metagenomics/data/05_metaQUAST/10_Linaria/paired_13702_32540_179793/_metaQuast/quast_corrected_input/CIP110357.fna ==> CIP110357

Contigs:
  Pre-processing...
  /local/workdir/Daphne/Floral_metagenomics/data/05_metaQUAST/10_Linaria/paired_13702_32540_179793/_metaQuast/quast_corrected_input/contigs_to_CIP110357.fasta ==> contigs

2025-06-10 14:14:13
Running Basic statistics processor...
  Reference genome:
    CIP110357.fna, length = 2723130, num fragments = 3053, GC % = 0.00
WARNING:   Reference genome is fragmented. You may consider rerunning QUAST using --fragmented option. QUAST will try to detect misassemblies caused by the fragmentation and mark them fake (will be excluded from # misassemblies).
  Contig files: 
    contigs
  Calculating N50 and L50...
    contigs, N50 = 1160, L50 = 1, auN = 1160.0, Total length = 1160, GC % = 48.45, # N's per 100 kbp =  0.00
  Drawing Nx plot...
    saved to /local/workdir/Daphne/Floral_metagenomics/data/05_metaQUAST/10_Linaria/paired_13702_32540_179793/_metaQuast/runs_per_reference/CIP110357/basic_stats/Nx_plot.pdf
  Drawing NGx plot...
    saved to /local/workdir/Daphne/Floral_metagenomics/data/05_metaQUAST/10_Linaria/paired_13702_32540_179793/_metaQuast/runs_per_reference/CIP110357/basic_stats/NGx_plot.pdf
  Drawing cumulative plot...
    saved to /local/workdir/Daphne/Floral_metagenomics/data/05_metaQUAST/10_Linaria/paired_13702_32540_179793/_metaQuast/runs_per_reference/CIP110357/basic_stats/cumulative_plot.pdf
  Drawing GC content plot...
    saved to /local/workdir/Daphne/Floral_metagenomics/data/05_metaQUAST/10_Linaria/paired_13702_32540_179793/_metaQuast/runs_per_reference/CIP110357/basic_stats/GC_content_plot.pdf
  Drawing contigs GC content plot...
    saved to /local/workdir/Daphne/Floral_metagenomics/data/05_metaQUAST/10_Linaria/paired_13702_32540_179793/_metaQuast/runs_per_reference/CIP110357/basic_stats/contigs_GC_content_plot.pdf
  Drawing Coverage histogram (bin size: 1x)...
    saved to /local/workdir/Daphne/Floral_metagenomics/data/05_metaQUAST/10_Linaria/paired_13702_32540_179793/_metaQuast/runs_per_reference/CIP110357/basic_stats/coverage_histogram.pdf
  Drawing contigs coverage histogram (bin size: 1x)...
    saved to /local/workdir/Daphne/Floral_metagenomics/data/05_metaQUAST/10_Linaria/paired_13702_32540_179793/_metaQuast/runs_per_reference/CIP110357/basic_stats/contigs_coverage_histogram.pdf
Done.

2025-06-10 14:14:14
Running Contig analyzer...
  contigs
  Logging to files /local/workdir/Daphne/Floral_metagenomics/data/05_metaQUAST/10_Linaria/paired_13702_32540_179793/_metaQuast/runs_per_reference/CIP110357/contigs_reports/contigs_report_contigs.stdout and contigs_report_contigs.stderr...
  Aligning contigs to the reference
  /programs/quast-5.2.0/lib/python3.9/site-packages/quast_libs/minimap2/minimap2 -c \
  -x asm10 -B5 -O4,16 --no-long-join -r 200 -N 50 -s 65 -z 200 --mask-level 0.9 --min-occ \
  200 -g 2500 --score-N 2 --cs -t 1 /local/workdir/Daphne/Floral_metagenomics/data/05_metaQUAST/10_Linaria/paired_13702_32540_179793/_metaQuast/quast_corrected_input/CIP110357.fna \
  /local/workdir/Daphne/Floral_metagenomics/data/05_metaQUAST/10_Linaria/paired_13702_32540_179793/_metaQuast/quast_corrected_input/contigs_to_CIP110357.fasta \
  > /local/workdir/Daphne/Floral_metagenomics/data/05_metaQUAST/10_Linaria/paired_13702_32540_179793/_metaQuast/runs_per_reference/CIP110357/contigs_reports/minimap_output/contigs.coords_tmp \
  2>> /local/workdir/Daphne/Floral_metagenomics/data/05_metaQUAST/10_Linaria/paired_13702_32540_179793/_metaQuast/runs_per_reference/CIP110357/contigs_reports/contigs_report_contigs.stderr
  Analysis is finished.

  Creating total report...
    saved to /local/workdir/Daphne/Floral_metagenomics/data/05_metaQUAST/10_Linaria/paired_13702_32540_179793/_metaQuast/runs_per_reference/CIP110357/contigs_reports/misassemblies_report.txt, misassemblies_report.tsv, and misassemblies_report.tex
  Transposed version of total report...
    saved to /local/workdir/Daphne/Floral_metagenomics/data/05_metaQUAST/10_Linaria/paired_13702_32540_179793/_metaQuast/runs_per_reference/CIP110357/contigs_reports/transposed_report_misassemblies.txt, transposed_report_misassemblies.tsv, and transposed_report_misassemblies.tex
  Creating total report...
    saved to /local/workdir/Daphne/Floral_metagenomics/data/05_metaQUAST/10_Linaria/paired_13702_32540_179793/_metaQuast/runs_per_reference/CIP110357/contigs_reports/unaligned_report.txt, unaligned_report.tsv, and unaligned_report.tex
  Drawing misassemblies by types plot...
    saved to /local/workdir/Daphne/Floral_metagenomics/data/05_metaQUAST/10_Linaria/paired_13702_32540_179793/_metaQuast/runs_per_reference/CIP110357/contigs_reports/misassemblies_plot.pdf
  Drawing misassemblies FRCurve plot...
    saved to /local/workdir/Daphne/Floral_metagenomics/data/05_metaQUAST/10_Linaria/paired_13702_32540_179793/_metaQuast/runs_per_reference/CIP110357/contigs_reports/misassemblies_frcurve_plot.pdf
Done.

2025-06-10 14:24:34
Running NA-NGA calculation...
  contigs, Largest alignment = 119, NA50 = None, LA50 = None
  Drawing cumulative plot...
    saved to /local/workdir/Daphne/Floral_metagenomics/data/05_metaQUAST/10_Linaria/paired_13702_32540_179793/_metaQuast/runs_per_reference/CIP110357/aligned_stats/cumulative_plot.pdf
  Drawing NAx plot...
    saved to /local/workdir/Daphne/Floral_metagenomics/data/05_metaQUAST/10_Linaria/paired_13702_32540_179793/_metaQuast/runs_per_reference/CIP110357/aligned_stats/NAx_plot.pdf
  Drawing NGAx plot...
    saved to /local/workdir/Daphne/Floral_metagenomics/data/05_metaQUAST/10_Linaria/paired_13702_32540_179793/_metaQuast/runs_per_reference/CIP110357/aligned_stats/NGAx_plot.pdf
Done.

2025-06-10 14:24:35
Running Genome analyzer...
  NOTICE: No file with genomic features were provided. Use the --features option if you want to specify it.

  NOTICE: No file with operons were provided. Use the -O option if you want to specify it.
  contigs
  Analysis is finished.
  Skipping drawing Genome fraction, % histogram... (less than 2 columns histogram makes no sense)
Done.

NOTICE: Genes are not predicted by default. Use --gene-finding or --glimmer option to enable it.

2025-06-10 14:24:36
Creating large visual summaries...
This may take a while: press Ctrl-C to skip this step..
  1 of 2: Creating PDF with all tables and plots...
  2 of 2: Creating Icarus viewers...
Done

2025-06-10 14:24:38
RESULTS:
  Text versions of total report are saved to /local/workdir/Daphne/Floral_metagenomics/data/05_metaQUAST/10_Linaria/paired_13702_32540_179793/_metaQuast/runs_per_reference/CIP110357/report.txt, report.tsv, and report.tex
  Text versions of transposed total report are saved to /local/workdir/Daphne/Floral_metagenomics/data/05_metaQUAST/10_Linaria/paired_13702_32540_179793/_metaQuast/runs_per_reference/CIP110357/transposed_report.txt, transposed_report.tsv, and transposed_report.tex
  HTML version (interactive tables and plots) is saved to /local/workdir/Daphne/Floral_metagenomics/data/05_metaQUAST/10_Linaria/paired_13702_32540_179793/_metaQuast/runs_per_reference/CIP110357/report.html
  PDF version (tables and plots) is saved to /local/workdir/Daphne/Floral_metagenomics/data/05_metaQUAST/10_Linaria/paired_13702_32540_179793/_metaQuast/runs_per_reference/CIP110357/report.pdf
  Icarus (contig browser) is saved to /local/workdir/Daphne/Floral_metagenomics/data/05_metaQUAST/10_Linaria/paired_13702_32540_179793/_metaQuast/runs_per_reference/CIP110357/icarus.html
