[2025-05-28 14:17:42,766] multiqc                                            [DEBUG  ]  This is MultiQC v1.15
[2025-05-28 14:17:42,766] multiqc                                            [DEBUG  ]  Command used: /programs/multiqc-1.15/bin/multiqc paired.output_13702_32540_179750_H5MH5AFX5_metagenomic_mix_E07_22FN021_CTCTCTAC_CTTAATAG_R1_fastqc.zip
[2025-05-28 14:17:43,174] multiqc                                            [WARNING]  MultiQC Version v1.29 now available!
[2025-05-28 14:17:43,175] multiqc                                            [DEBUG  ]  Working dir : /local/workdir/Daphne/Floral_metagenomics/data/02_fastQC_results_post_trim
[2025-05-28 14:17:43,175] multiqc                                            [DEBUG  ]  Template    : default
[2025-05-28 14:17:43,175] multiqc                                            [DEBUG  ]  Running Python 3.9.21 (main, Dec  5 2024, 00:00:00)  [GCC 11.5.0 20240719 (Red Hat 11.5.0-2)]
[2025-05-28 14:17:43,176] multiqc                                            [DEBUG  ]  Analysing modules: custom_content, ccs, ngsderive, purple, conpair, lima, peddy, somalier, methylQA, mosdepth, phantompeakqualtools, qualimap, preseq, hifiasm, quast, qorts, rna_seqc, rockhopper, rsem, rseqc, busco, bustools, goleft_indexcov, gffcompare, disambiguate, supernova, deeptools, sargasso, verifybamid, mirtrace, happy, mirtop, sambamba, gopeaks, homer, hops, macs2, theta2, snpeff, gatk, htseq, bcftools, featureCounts, fgbio, dragen, dragen_fastqc, dedup, pbmarkdup, damageprofiler, biobambam2, jcvi, mtnucratio, picard, vep, sentieon, prokka, qc3C, nanostat, samblaster, samtools, sexdeterrmine, eigenstratdatabasetools, bamtools, jellyfish, vcftools, longranger, stacks, varscan2, snippy, umitools, bbmap, bismark, biscuit, diamond, hicexplorer, hicup, hicpro, salmon, kallisto, slamdunk, star, hisat2, tophat, bowtie2, bowtie1, cellranger, snpsplit, odgi, pangolin, nextclade, humid, kat, leehom, librarian, adapterRemoval, bbduk, clipandmerge, cutadapt, flexbar, kaiju, kraken, malt, motus, trimmomatic, sickle, skewer, sortmerna, biobloomtools, fastq_screen, afterqc, fastp, fastqc, filtlong, prinseqplusplus, pychopper, porechop, pycoqc, minionqc, anglerfish, multivcfanalyzer, clusterflow, checkqc, bcl2fastq, bclconvert, interop, ivar, flash, seqyclean, optitype, whatshap
[2025-05-28 14:17:43,176] multiqc                                            [DEBUG  ]  Using temporary directory for creating report: /tmp/tmp0s1u966n
[2025-05-28 14:17:43,451] multiqc                                            [INFO   ]  Search path : /local/workdir/Daphne/Floral_metagenomics/data/02_fastQC_results_post_trim/paired.output_13702_32540_179750_H5MH5AFX5_metagenomic_mix_E07_22FN021_CTCTCTAC_CTTAATAG_R1_fastqc.zip
[2025-05-28 14:17:43,483] multiqc                                            [DEBUG  ]  Summary of files that were skipped by the search: []
[2025-05-28 14:17:43,899] multiqc.plots.bargraph                             [DEBUG  ]  Using matplotlib version 3.9.4
[2025-05-28 14:17:43,902] multiqc.plots.linegraph                            [DEBUG  ]  Using matplotlib version 3.9.4
[2025-05-28 14:17:43,904] multiqc                                            [DEBUG  ]  No samples found: custom_content
[2025-05-28 14:17:43,929] multiqc.modules.fastqc.fastqc                      [INFO   ]  Found 1 reports
[2025-05-28 14:17:43,962] multiqc                                            [DEBUG  ]  Compressing plot data
[2025-05-28 14:17:43,983] multiqc                                            [INFO   ]  Existing reports found, adding suffix to filenames. Use '--force' to overwrite.
[2025-05-28 14:17:43,983] multiqc                                            [INFO   ]  Report      : multiqc_report_3.html
[2025-05-28 14:17:43,983] multiqc                                            [INFO   ]  Data        : multiqc_data_3
[2025-05-28 14:17:43,983] multiqc                                            [DEBUG  ]  Moving data file from '/tmp/tmp0s1u966n/multiqc_data' to '/local/workdir/Daphne/Floral_metagenomics/data/02_fastQC_results_post_trim/multiqc_data_3'
[2025-05-28 14:17:44,155] multiqc                                            [INFO   ]  MultiQC complete
